生成启动时间为 2020/2/13 10:54:52。
     1>项目“D:\MyProgram\C\sort\sort\sort.vcxproj”在节点 2 上(build 个目标)。
     1>InitializeBuildStatus:
         正在创建“Debug\sort.unsuccessfulbuild”，因为已指定“AlwaysCreate”。
       ClCompile:
         所有输出均为最新。
         C:\Program Files (x86)\Microsoft Visual Studio 10.0\VC\bin\CL.exe /c /ZI /nologo /W3 /WX- /Od /Oy- /D WIN32 /D _DEBUG /D _CONSOLE /D _UNICODE /D UNICODE /Gm /EHsc /RTC1 /MDd /GS /fp:precise /Zc:wchar_t /Zc:forScope /Yu"StdAfx.h" /Fp"Debug\sort.pch" /Fo"Debug\\" /Fd"Debug\vc100.pdb" /Gd /TP /analyze- /errorReport:prompt sort.cpp
         sort.cpp
     1>d:\myprogram\c\sort\sort\sort.cpp(31): warning C4101: “k”: 未引用的局部变量
     1>d:\myprogram\c\sort\sort\sort.cpp(76): warning C4244: “参数”: 从“time_t”转换到“unsigned int”，可能丢失数据
     1>d:\myprogram\c\sort\sort\sort.cpp(79): warning C4996: 'scanf': This function or variable may be unsafe. Consider using scanf_s instead. To disable deprecation, use _CRT_SECURE_NO_WARNINGS. See online help for details.
                 c:\program files (x86)\microsoft visual studio 10.0\vc\include\stdio.h(304) : 参见“scanf”的声明
       ManifestResourceCompile:
         所有输出均为最新。
       Link:
         C:\Program Files (x86)\Microsoft Visual Studio 10.0\VC\bin\link.exe /ERRORREPORT:PROMPT /OUT:"D:\MyProgram\C\sort\Debug\sort.exe" /INCREMENTAL /NOLOGO kernel32.lib user32.lib gdi32.lib winspool.lib comdlg32.lib advapi32.lib shell32.lib ole32.lib oleaut32.lib uuid.lib odbc32.lib odbccp32.lib /MANIFEST /ManifestFile:"Debug\sort.exe.intermediate.manifest" /MANIFESTUAC:"level='asInvoker' uiAccess='false'" /DEBUG /PDB:"D:\MyProgram\C\sort\Debug\sort.pdb" /SUBSYSTEM:CONSOLE /TLBID:1 /DYNAMICBASE /NXCOMPAT /IMPLIB:"D:\MyProgram\C\sort\Debug\sort.lib" /MACHINE:X86 Debug\sort.exe.embed.manifest.res
         Debug\sort.obj
         Debug\stdafx.obj
       Manifest:
         C:\Program Files (x86)\Microsoft SDKs\Windows\v7.0A\bin\mt.exe /nologo /verbose /out:"Debug\sort.exe.embed.manifest" /manifest Debug\sort.exe.intermediate.manifest
         所有输出均为最新。
       LinkEmbedManifest:
         所有输出均为最新。
         sort.vcxproj -> D:\MyProgram\C\sort\Debug\sort.exe
       FinalizeBuildStatus:
         正在删除文件“Debug\sort.unsuccessfulbuild”。
         正在对“Debug\sort.lastbuildstate”执行 Touch 任务。
     1>已完成生成项目“D:\MyProgram\C\sort\sort\sort.vcxproj”(build 个目标)的操作。

生成成功。

已用时间 00:00:01.51
