生成启动时间为 2020/4/30 9:42:42。
     1>项目“C:\MyData\MyProgram\C-VC2010++\tiaoshi\tiaoshi\tiaoshi.vcxproj”在节点 2 上(build 个目标)。
     1>InitializeBuildStatus:
         正在创建“Debug\tiaoshi.unsuccessfulbuild”，因为已指定“AlwaysCreate”。
       ClCompile:
         C:\Program Files (x86)\Microsoft Visual Studio 10.0\VC\bin\CL.exe /c /ZI /nologo /W3 /WX- /Od /Oy- /D WIN32 /D _DEBUG /D _CONSOLE /D _UNICODE /D UNICODE /Gm /EHsc /RTC1 /MDd /GS /fp:precise /Zc:wchar_t /Zc:forScope /Yc"StdAfx.h" /Fp"Debug\tiaoshi.pch" /Fo"Debug\\" /Fd"Debug\vc100.pdb" /Gd /TP /analyze- /errorReport:prompt stdafx.cpp
         stdafx.cpp
         C:\Program Files (x86)\Microsoft Visual Studio 10.0\VC\bin\CL.exe /c /ZI /nologo /W3 /WX- /Od /Oy- /D WIN32 /D _DEBUG /D _CONSOLE /D _UNICODE /D UNICODE /Gm /EHsc /RTC1 /MDd /GS /fp:precise /Zc:wchar_t /Zc:forScope /Yu"StdAfx.h" /Fp"Debug\tiaoshi.pch" /Fo"Debug\\" /Fd"Debug\vc100.pdb" /Gd /TP /analyze- /errorReport:prompt tiaoshi.cpp
         tiaoshi.cpp
       ManifestResourceCompile:
         C:\Program Files (x86)\Microsoft SDKs\Windows\v7.0A\bin\rc.exe /nologo /fo"Debug\tiaoshi.exe.embed.manifest.res" Debug\tiaoshi_manifest.rc 
       Link:
         C:\Program Files (x86)\Microsoft Visual Studio 10.0\VC\bin\link.exe /ERRORREPORT:PROMPT /OUT:"C:\MyData\MyProgram\C-VC2010++\tiaoshi\Debug\tiaoshi.exe" /INCREMENTAL /NOLOGO kernel32.lib user32.lib gdi32.lib winspool.lib comdlg32.lib advapi32.lib shell32.lib ole32.lib oleaut32.lib uuid.lib odbc32.lib odbccp32.lib /MANIFEST /ManifestFile:"Debug\tiaoshi.exe.intermediate.manifest" /MANIFESTUAC:"level='asInvoker' uiAccess='false'" /DEBUG /PDB:"C:\MyData\MyProgram\C-VC2010++\tiaoshi\Debug\tiaoshi.pdb" /SUBSYSTEM:CONSOLE /TLBID:1 /DYNAMICBASE /NXCOMPAT /IMPLIB:"C:\MyData\MyProgram\C-VC2010++\tiaoshi\Debug\tiaoshi.lib" /MACHINE:X86 Debug\tiaoshi.exe.embed.manifest.res
         Debug\stdafx.obj
         Debug\tiaoshi.obj
       Manifest:
         C:\Program Files (x86)\Microsoft SDKs\Windows\v7.0A\bin\mt.exe /nologo /verbose /out:"Debug\tiaoshi.exe.embed.manifest" /manifest Debug\tiaoshi.exe.intermediate.manifest
         所有输出均为最新。
       LinkEmbedManifest:
         所有输出均为最新。
         tiaoshi.vcxproj -> C:\MyData\MyProgram\C-VC2010++\tiaoshi\Debug\tiaoshi.exe
       FinalizeBuildStatus:
         正在删除文件“Debug\tiaoshi.unsuccessfulbuild”。
         正在对“Debug\tiaoshi.lastbuildstate”执行 Touch 任务。
     1>已完成生成项目“C:\MyData\MyProgram\C-VC2010++\tiaoshi\tiaoshi\tiaoshi.vcxproj”(build 个目标)的操作。

生成成功。

已用时间 00:00:02.10
