生成启动时间为 2020/2/13 10:55:30。
     1>项目“D:\MyProgram\C\findnumber\findnumber\findnumber.vcxproj”在节点 2 上(build 个目标)。
     1>InitializeBuildStatus:
         正在创建“Debug\findnumber.unsuccessfulbuild”，因为已指定“AlwaysCreate”。
       ClCompile:
         所有输出均为最新。
         C:\Program Files (x86)\Microsoft Visual Studio 10.0\VC\bin\CL.exe /c /ZI /nologo /W3 /WX- /Od /Oy- /D WIN32 /D _DEBUG /D _CONSOLE /D _UNICODE /D UNICODE /Gm /EHsc /RTC1 /MDd /GS /fp:precise /Zc:wchar_t /Zc:forScope /Yu"StdAfx.h" /Fp"Debug\findnumber.pch" /Fo"Debug\\" /Fd"Debug\vc100.pdb" /Gd /TP /analyze- /errorReport:prompt findnumber.cpp
         findnumber.cpp
     1>d:\myprogram\c\findnumber\findnumber\findnumber.cpp(35): warning C4244: “参数”: 从“time_t”转换到“unsigned int”，可能丢失数据
     1>d:\myprogram\c\findnumber\findnumber\findnumber.cpp(38): warning C4996: 'scanf': This function or variable may be unsafe. Consider using scanf_s instead. To disable deprecation, use _CRT_SECURE_NO_WARNINGS. See online help for details.
                 c:\program files (x86)\microsoft visual studio 10.0\vc\include\stdio.h(304) : 参见“scanf”的声明
       ManifestResourceCompile:
         所有输出均为最新。
       Link:
         C:\Program Files (x86)\Microsoft Visual Studio 10.0\VC\bin\link.exe /ERRORREPORT:PROMPT /OUT:"D:\MyProgram\C\findnumber\Debug\findnumber.exe" /INCREMENTAL /NOLOGO kernel32.lib user32.lib gdi32.lib winspool.lib comdlg32.lib advapi32.lib shell32.lib ole32.lib oleaut32.lib uuid.lib odbc32.lib odbccp32.lib /MANIFEST /ManifestFile:"Debug\findnumber.exe.intermediate.manifest" /MANIFESTUAC:"level='asInvoker' uiAccess='false'" /DEBUG /PDB:"D:\MyProgram\C\findnumber\Debug\findnumber.pdb" /SUBSYSTEM:CONSOLE /TLBID:1 /DYNAMICBASE /NXCOMPAT /IMPLIB:"D:\MyProgram\C\findnumber\Debug\findnumber.lib" /MACHINE:X86 Debug\findnumber.exe.embed.manifest.res
         Debug\findnumber.obj
         Debug\stdafx.obj
       Manifest:
         C:\Program Files (x86)\Microsoft SDKs\Windows\v7.0A\bin\mt.exe /nologo /verbose /out:"Debug\findnumber.exe.embed.manifest" /manifest Debug\findnumber.exe.intermediate.manifest
         所有输出均为最新。
       LinkEmbedManifest:
         所有输出均为最新。
         findnumber.vcxproj -> D:\MyProgram\C\findnumber\Debug\findnumber.exe
       FinalizeBuildStatus:
         正在删除文件“Debug\findnumber.unsuccessfulbuild”。
         正在对“Debug\findnumber.lastbuildstate”执行 Touch 任务。
     1>已完成生成项目“D:\MyProgram\C\findnumber\findnumber\findnumber.vcxproj”(build 个目标)的操作。

生成成功。

已用时间 00:00:00.64
